Traceback (most recent call last):
  File "esp8266_flasher.py", line 81, in showDialog
UnicodeEncodeError: 'ascii' codec can't encode characters in position 17-22: ordinal not in range(128)
Traceback (most recent call last):
  File "esp8266_flasher.py", line 81, in showDialog
UnicodeEncodeError: 'ascii' codec can't encode characters in position 17-22: ordinal not in range(128)
Traceback (most recent call last):
  File "esp8266_flasher.py", line 81, in showDialog
UnicodeEncodeError: 'ascii' codec can't encode characters in position 17-22: ordinal not in range(128)
Exception in thread Thread-1:
Traceback (most recent call last):
  File "threading.pyo", line 810, in __bootstrap_inner
  File "esp8266_flasher.py", line 19, in run
  File "downloader.pyo", line 54, in __init__
  File "serial\serialwin32.pyo", line 38, in __init__
  File "serial\serialutil.pyo", line 282, in __init__
  File "serial\serialwin32.pyo", line 66, in open
SerialException: could not open port 'COM3': WindowsError(5, '\xbe\xd7\xbc\xbc\xbd\xba\xb0\xa1 \xb0\xc5\xba\xce\xb5\xc7\xbe\xfa\xbd\xc0\xb4\xcf\xb4\xd9.')

Exception in thread Thread-2:
Traceback (most recent call last):
  File "threading.pyo", line 810, in __bootstrap_inner
  File "esp8266_flasher.py", line 19, in run
  File "downloader.pyo", line 54, in __init__
  File "serial\serialwin32.pyo", line 38, in __init__
  File "serial\serialutil.pyo", line 282, in __init__
  File "serial\serialwin32.pyo", line 66, in open
SerialException: could not open port 'COM3': WindowsError(5, '\xbe\xd7\xbc\xbc\xbd\xba\xb0\xa1 \xb0\xc5\xba\xce\xb5\xc7\xbe\xfa\xbd\xc0\xb4\xcf\xb4\xd9.')

Exception in thread Thread-3:
Traceback (most recent call last):
  File "threading.pyo", line 810, in __bootstrap_inner
  File "esp8266_flasher.py", line 19, in run
  File "downloader.pyo", line 54, in __init__
  File "serial\serialwin32.pyo", line 38, in __init__
  File "serial\serialutil.pyo", line 282, in __init__
  File "serial\serialwin32.pyo", line 66, in open
SerialException: could not open port 'COM3': WindowsError(5, '\xbe\xd7\xbc\xbc\xbd\xba\xb0\xa1 \xb0\xc5\xba\xce\xb5\xc7\xbe\xfa\xbd\xc0\xb4\xcf\xb4\xd9.')

Exception in thread Thread-4:
Traceback (most recent call last):
  File "threading.pyo", line 810, in __bootstrap_inner
  File "esp8266_flasher.py", line 19, in run
  File "downloader.pyo", line 54, in __init__
  File "serial\serialwin32.pyo", line 38, in __init__
  File "serial\serialutil.pyo", line 282, in __init__
  File "serial\serialwin32.pyo", line 66, in open
SerialException: could not open port 'COM3': WindowsError(5, '\xbe\xd7\xbc\xbc\xbd\xba\xb0\xa1 \xb0\xc5\xba\xce\xb5\xc7\xbe\xfa\xbd\xc0\xb4\xcf\xb4\xd9.')

Exception in thread Thread-5:
Traceback (most recent call last):
  File "threading.pyo", line 810, in __bootstrap_inner
  File "esp8266_flasher.py", line 19, in run
  File "downloader.pyo", line 54, in __init__
  File "serial\serialwin32.pyo", line 38, in __init__
  File "serial\serialutil.pyo", line 282, in __init__
  File "serial\serialwin32.pyo", line 66, in open
SerialException: could not open port 'COM3': WindowsError(5, '\xbe\xd7\xbc\xbc\xbd\xba\xb0\xa1 \xb0\xc5\xba\xce\xb5\xc7\xbe\xfa\xbd\xc0\xb4\xcf\xb4\xd9.')

Exception in thread Thread-6:
Traceback (most recent call last):
  File "threading.pyo", line 810, in __bootstrap_inner
  File "esp8266_flasher.py", line 19, in run
  File "downloader.pyo", line 54, in __init__
  File "serial\serialwin32.pyo", line 38, in __init__
  File "serial\serialutil.pyo", line 282, in __init__
  File "serial\serialwin32.pyo", line 66, in open
SerialException: could not open port 'COM3': WindowsError(5, '\xbe\xd7\xbc\xbc\xbd\xba\xb0\xa1 \xb0\xc5\xba\xce\xb5\xc7\xbe\xfa\xbd\xc0\xb4\xcf\xb4\xd9.')

Exception in thread Thread-7:
Traceback (most recent call last):
  File "threading.pyo", line 810, in __bootstrap_inner
  File "esp8266_flasher.py", line 19, in run
  File "downloader.pyo", line 54, in __init__
  File "serial\serialwin32.pyo", line 38, in __init__
  File "serial\serialutil.pyo", line 282, in __init__
  File "serial\serialwin32.pyo", line 66, in open
SerialException: could not open port 'COM3': WindowsError(5, '\xbe\xd7\xbc\xbc\xbd\xba\xb0\xa1 \xb0\xc5\xba\xce\xb5\xc7\xbe\xfa\xbd\xc0\xb4\xcf\xb4\xd9.')

Exception in thread Thread-8:
Traceback (most recent call last):
  File "threading.pyo", line 810, in __bootstrap_inner
  File "esp8266_flasher.py", line 19, in run
  File "downloader.pyo", line 54, in __init__
  File "serial\serialwin32.pyo", line 38, in __init__
  File "serial\serialutil.pyo", line 282, in __init__
  File "serial\serialwin32.pyo", line 66, in open
SerialException: could not open port 'COM3': WindowsError(5, '\xbe\xd7\xbc\xbc\xbd\xba\xb0\xa1 \xb0\xc5\xba\xce\xb5\xc7\xbe\xfa\xbd\xc0\xb4\xcf\xb4\xd9.')

Exception in thread Thread-9:
Traceback (most recent call last):
  File "threading.pyo", line 810, in __bootstrap_inner
  File "esp8266_flasher.py", line 19, in run
  File "downloader.pyo", line 54, in __init__
  File "serial\serialwin32.pyo", line 38, in __init__
  File "serial\serialutil.pyo", line 282, in __init__
  File "serial\serialwin32.pyo", line 66, in open
SerialException: could not open port 'COM3': WindowsError(5, '\xbe\xd7\xbc\xbc\xbd\xba\xb0\xa1 \xb0\xc5\xba\xce\xb5\xc7\xbe\xfa\xbd\xc0\xb4\xcf\xb4\xd9.')

